Mar 11, 2020 8:48:41 PM Henrik.Log logNew
WARNING: test
Mar 11, 2020 8:49:48 PM Henrik.Log logNew
INFO: test
Mar 11, 2020 8:54:02 PM Henrik.Log logNewInfo
INFO: test
Mar 11, 2020 8:54:25 PM Henrik.Log logNewInfo
INFO: test
Mar 11, 2020 8:54:35 PM Henrik.Log logNewInfo
INFO: new
Mar 11, 2020 8:59:47 PM Henrik.Log logNewInfo
INFO: New Member Created
Mar 11, 2020 9:03:42 PM Henrik.Log logNewWarning
WARNING: Deleted Member, ID nr : 99993
Mar 11, 2020 9:03:50 PM Henrik.Log logNewWarning
WARNING: Deleted Member, ID nr : 99994
Mar 11, 2020 9:03:59 PM Henrik.Log logNewInfo
INFO: Upgrading Members
Mar 11, 2020 9:05:25 PM Henrik.Log logNewInfo
INFO: Showing Details for Member nr : 99993
Mar 11, 2020 9:05:34 PM Henrik.Log logNewInfo
INFO: Upgrading Members
Mar 11, 2020 9:05:35 PM Henrik.Log logNewWarning
WARNING: Deleted Member, ID nr : 99993
Mar 11, 2020 9:05:40 PM Henrik.Log logNewInfo
INFO: New Member Created
Mar 12, 2020 12:19:13 AM Henrik.Log logNewInfo
INFO: Upgrading Members
Mar 12, 2020 12:19:18 AM Henrik.Log logNewWarning
WARNING: Deleted Member, ID nr : 99993
Mar 12, 2020 12:19:22 AM Henrik.Log logNewInfo
INFO: Showing Details for Member nr : 99993
Mar 12, 2020 12:19:43 AM Henrik.Log logNewInfo
INFO: New Member Created
Mar 12, 2020 12:20:08 AM Henrik.Log logNewWarning
WARNING: Deleted Member, ID nr : 5698749
Mar 12, 2020 12:22:05 AM Henrik.Log logNewInfo
INFO: Upgrading Members
